<?xml version="1.0" encoding="UTF-8"?>
<!-- Generated by org.testng.reporters.JUnitXMLReporter -->
<testsuite ignored="0" hostname="L201141" failures="0" tests="6" name="FitPeoAutomationTests" time="90.153" errors="0" timestamp="2025-02-24T12:47:33 IST">
  <testcase classname="Launch.TestRunner" name="VerifyHomeTitle" time="0.025"/>
  <testcase classname="Launch.TestRunner" name="NavigateAndVerifyRevenuePageTitle" time="1.192"/>
  <testcase classname="Launch.TestRunner" name="VerifySlider" time="1.51"/>
  <testcase classname="Launch.TestRunner" name="AdjustSlider" time="1.346"/>
  <testcase classname="Launch.TestRunner" name="ClickCPTcodes" time="5.883"/>
  <testcase classname="Launch.TestRunner" name="Validate_Recurring_Amount" time="5.808"/>
</testsuite> <!-- FitPeoAutomationTests -->
