<?xml version="1.0" encoding="UTF-8"?>
<!-- Generated by org.testng.reporters.JUnitXMLReporter -->
<testsuite ignored="0" hostname="L201141" failures="0" tests="6" name="Default test" time="142.954" errors="0" timestamp="2025-02-24T12:47:03 IST">
  <testcase classname="Launch.TestRunner" name="VerifyHomeTitle" time="0.098"/>
  <testcase classname="Launch.TestRunner" name="NavigateAndVerifyRevenuePageTitle" time="1.18"/>
  <testcase classname="Launch.TestRunner" name="VerifySlider" time="1.351"/>
  <testcase classname="Launch.TestRunner" name="AdjustSlider" time="1.207"/>
  <testcase classname="Launch.TestRunner" name="ClickCPTcodes" time="6.158"/>
  <testcase classname="Launch.TestRunner" name="Validate_Recurring_Amount" time="6.337"/>
</testsuite> <!-- Default test -->
