<?xml version="1.0" encoding="UTF-8"?>
<testng-results ignored="0" total="6" passed="6" failed="0" skipped="0">
  <reporter-output>
  </reporter-output>
  <suite started-at="2025-02-24T12:46:03 IST" name="FitPeoAutomationSuite" finished-at="2025-02-24T12:47:33 IST" duration-ms="90153">
    <groups>
    </groups>
    <test started-at="2025-02-24T12:46:03 IST" name="FitPeoAutomationTests" finished-at="2025-02-24T12:47:33 IST" duration-ms="90153">
      <class name="Launch.TestRunner">
        <test-method is-config="true" signature="setUp()[pri:0, instance:Launch.TestRunner@1349883]" started-at="2025-02-24T12:46:03 IST" name="setUp" finished-at="2025-02-24T12:46:46 IST" duration-ms="42735" status="PASS">
          <reporter-output>
          </reporter-output>
        </test-method> <!-- setUp -->
        <test-method signature="VerifyHomeTitle()[pri:1, instance:Launch.TestRunner@1349883]" started-at="2025-02-24T12:46:46 IST" name="VerifyHomeTitle" finished-at="2025-02-24T12:46:46 IST" duration-ms="25" status="PASS">
          <reporter-output>
          </reporter-output>
        </test-method> <!-- VerifyHomeTitle -->
        <test-method is-config="true" signature="tearDown()[pri:0, instance:Launch.TestRunner@1349883]" started-at="2025-02-24T12:46:46 IST" name="tearDown" finished-at="2025-02-24T12:46:48 IST" duration-ms="1812" status="PASS">
          <reporter-output>
          </reporter-output>
        </test-method> <!-- tearDown -->
        <test-method is-config="true" signature="setUp()[pri:0, instance:Launch.TestRunner@1349883]" started-at="2025-02-24T12:46:48 IST" name="setUp" finished-at="2025-02-24T12:46:53 IST" duration-ms="5141" status="PASS">
          <reporter-output>
          </reporter-output>
        </test-method> <!-- setUp -->
        <test-method signature="NavigateAndVerifyRevenuePageTitle()[pri:2, instance:Launch.TestRunner@1349883]" started-at="2025-02-24T12:46:53 IST" name="NavigateAndVerifyRevenuePageTitle" finished-at="2025-02-24T12:46:54 IST" duration-ms="1192" status="PASS">
          <reporter-output>
          </reporter-output>
        </test-method> <!-- NavigateAndVerifyRevenuePageTitle -->
        <test-method is-config="true" signature="tearDown()[pri:0, instance:Launch.TestRunner@1349883]" started-at="2025-02-24T12:46:54 IST" name="tearDown" finished-at="2025-02-24T12:46:56 IST" duration-ms="1782" status="PASS">
          <reporter-output>
          </reporter-output>
        </test-method> <!-- tearDown -->
        <test-method is-config="true" signature="setUp()[pri:0, instance:Launch.TestRunner@1349883]" started-at="2025-02-24T12:46:56 IST" name="setUp" finished-at="2025-02-24T12:47:01 IST" duration-ms="4917" status="PASS">
          <reporter-output>
          </reporter-output>
        </test-method> <!-- setUp -->
        <test-method signature="VerifySlider()[pri:3, instance:Launch.TestRunner@1349883]" started-at="2025-02-24T12:47:01 IST" name="VerifySlider" finished-at="2025-02-24T12:47:02 IST" duration-ms="1510" status="PASS">
          <reporter-output>
          </reporter-output>
        </test-method> <!-- VerifySlider -->
        <test-method is-config="true" signature="tearDown()[pri:0, instance:Launch.TestRunner@1349883]" started-at="2025-02-24T12:47:02 IST" name="tearDown" finished-at="2025-02-24T12:47:04 IST" duration-ms="1719" status="PASS">
          <reporter-output>
          </reporter-output>
        </test-method> <!-- tearDown -->
        <test-method is-config="true" signature="setUp()[pri:0, instance:Launch.TestRunner@1349883]" started-at="2025-02-24T12:47:04 IST" name="setUp" finished-at="2025-02-24T12:47:09 IST" duration-ms="4704" status="PASS">
          <reporter-output>
          </reporter-output>
        </test-method> <!-- setUp -->
        <test-method signature="AdjustSlider()[pri:4, instance:Launch.TestRunner@1349883]" started-at="2025-02-24T12:47:09 IST" name="AdjustSlider" finished-at="2025-02-24T12:47:10 IST" duration-ms="1346" status="PASS">
          <reporter-output>
          </reporter-output>
        </test-method> <!-- AdjustSlider -->
        <test-method is-config="true" signature="tearDown()[pri:0, instance:Launch.TestRunner@1349883]" started-at="2025-02-24T12:47:10 IST" name="tearDown" finished-at="2025-02-24T12:47:12 IST" duration-ms="1730" status="PASS">
          <reporter-output>
          </reporter-output>
        </test-method> <!-- tearDown -->
        <test-method is-config="true" signature="setUp()[pri:0, instance:Launch.TestRunner@1349883]" started-at="2025-02-24T12:47:12 IST" name="setUp" finished-at="2025-02-24T12:47:15 IST" duration-ms="3386" status="PASS">
          <reporter-output>
          </reporter-output>
        </test-method> <!-- setUp -->
        <test-method signature="ClickCPTcodes()[pri:5, instance:Launch.TestRunner@1349883]" started-at="2025-02-24T12:47:15 IST" name="ClickCPTcodes" finished-at="2025-02-24T12:47:21 IST" duration-ms="5883" status="PASS">
          <reporter-output>
          </reporter-output>
        </test-method> <!-- ClickCPTcodes -->
        <test-method is-config="true" signature="tearDown()[pri:0, instance:Launch.TestRunner@1349883]" started-at="2025-02-24T12:47:21 IST" name="tearDown" finished-at="2025-02-24T12:47:23 IST" duration-ms="1753" status="PASS">
          <reporter-output>
          </reporter-output>
        </test-method> <!-- tearDown -->
        <test-method is-config="true" signature="setUp()[pri:0, instance:Launch.TestRunner@1349883]" started-at="2025-02-24T12:47:23 IST" name="setUp" finished-at="2025-02-24T12:47:26 IST" duration-ms="2943" status="PASS">
          <reporter-output>
          </reporter-output>
        </test-method> <!-- setUp -->
        <test-method signature="Validate_Recurring_Amount()[pri:6, instance:Launch.TestRunner@1349883]" started-at="2025-02-24T12:47:26 IST" name="Validate_Recurring_Amount" finished-at="2025-02-24T12:47:32 IST" duration-ms="5808" status="PASS">
          <reporter-output>
          </reporter-output>
        </test-method> <!-- Validate_Recurring_Amount -->
        <test-method is-config="true" signature="tearDown()[pri:0, instance:Launch.TestRunner@1349883]" started-at="2025-02-24T12:47:32 IST" name="tearDown" finished-at="2025-02-24T12:47:33 IST" duration-ms="1711" status="PASS">
          <reporter-output>
          </reporter-output>
        </test-method> <!-- tearDown -->
      </class> <!-- Launch.TestRunner -->
    </test> <!-- FitPeoAutomationTests -->
  </suite> <!-- FitPeoAutomationSuite -->
</testng-results>
